2026-02-10 20:58:27,137 [INFO] chatbot: Shutting down...
2026-02-10 21:06:30,856 [INFO] chatbot: Starting Crew Chatbot API...
2026-02-10 21:06:30,857 [INFO] chatbot: LLM Model: gpt-5-2
2026-02-10 21:06:30,858 [INFO] chatbot: Mode: SQLite (v1 API)
2026-02-10 21:06:30,858 [INFO] chatbot: Database Dir: C:\Users\Shaik.Jainmaih\Chat_v1_v2\sumit_chatbot_poc\data\databases
2026-02-10 21:06:30,981 [WARNING] chatbot: Could not refresh database registry: no such table: database_registry
2026-02-10 21:08:01,263 [ERROR] chatbot: Unhandled exception [51fc7c6c]: no such table: users
  + Exception Group Traceback (most recent call last):
  |   File "C:\Users\Shaik.Jainmaih\AppData\Local\Programs\Python\Python313\Lib\site-packages\starlette\_utils.py", line 79, in collapse_excgroups
  |     yield
  |   File "C:\Users\Shaik.Jainmaih\AppData\Local\Programs\Python\Python313\Lib\site-packages\starlette\middleware\base.py", line 183, in __call__
  |     async with anyio.create_task_group() as task_group:
  |                ~~~~~~~~~~~~~~~~~~~~~~~^^
  |   File "C:\Users\Shaik.Jainmaih\AppData\Local\Programs\Python\Python313\Lib\site-packages\anyio\_backends\_asyncio.py", line 781, in __aexit__
  |     raise BaseExceptionGroup(
  |         "unhandled errors in a TaskGroup", self._exceptions
  |     ) from None
  | ExceptionGroup: unhandled errors in a TaskGroup (1 sub-exception)
  +-+---------------- 1 ----------------
    | Traceback (most recent call last):
    |   File "C:\Users\Shaik.Jainmaih\AppData\Local\Programs\Python\Python313\Lib\site-packages\starlette\middleware\errors.py", line 164, in __call__
    |     await self.app(scope, receive, _send)
    |   File "C:\Users\Shaik.Jainmaih\AppData\Local\Programs\Python\Python313\Lib\site-packages\starlette\middleware\cors.py", line 85, in __call__
    |     await self.app(scope, receive, send)
    |   File "C:\Users\Shaik.Jainmaih\AppData\Local\Programs\Python\Python313\Lib\site-packages\starlette\middleware\base.py", line 182, in __call__
    |     with recv_stream, send_stream, collapse_excgroups():
    |                                    ~~~~~~~~~~~~~~~~~~^^
    |   File "C:\Users\Shaik.Jainmaih\AppData\Local\Programs\Python\Python313\Lib\contextlib.py", line 162, in __exit__
    |     self.gen.throw(value)
    |     ~~~~~~~~~~~~~~^^^^^^^
    |   File "C:\Users\Shaik.Jainmaih\AppData\Local\Programs\Python\Python313\Lib\site-packages\starlette\_utils.py", line 85, in collapse_excgroups
    |     raise exc
    |   File "C:\Users\Shaik.Jainmaih\AppData\Local\Programs\Python\Python313\Lib\site-packages\starlette\middleware\base.py", line 184, in __call__
    |     response = await self.dispatch_func(request, call_next)
    |                ^^^^^^^^^^^^^^^^^^^^^^^^^^^^^^^^^^^^^^^^^^^^
    |   File "C:\Users\Shaik.Jainmaih\Chat_v1_v2\sumit_chatbot_poc\backend\main.py", line 100, in request_logging_middleware
    |     response = await call_next(request)
    |                ^^^^^^^^^^^^^^^^^^^^^^^^
    |   File "C:\Users\Shaik.Jainmaih\AppData\Local\Programs\Python\Python313\Lib\site-packages\starlette\middleware\base.py", line 159, in call_next
    |     raise app_exc
    |   File "C:\Users\Shaik.Jainmaih\AppData\Local\Programs\Python\Python313\Lib\site-packages\starlette\middleware\base.py", line 144, in coro
    |     await self.app(scope, receive_or_disconnect, send_no_error)
    |   File "C:\Users\Shaik.Jainmaih\AppData\Local\Programs\Python\Python313\Lib\site-packages\starlette\middleware\exceptions.py", line 63, in __call__
    |     await wrap_app_handling_exceptions(self.app, conn)(scope, receive, send)
    |   File "C:\Users\Shaik.Jainmaih\AppData\Local\Programs\Python\Python313\Lib\site-packages\starlette\_exception_handler.py", line 53, in wrapped_app
    |     raise exc
    |   File "C:\Users\Shaik.Jainmaih\AppData\Local\Programs\Python\Python313\Lib\site-packages\starlette\_exception_handler.py", line 42, in wrapped_app
    |     await app(scope, receive, sender)
    |   File "C:\Users\Shaik.Jainmaih\AppData\Local\Programs\Python\Python313\Lib\site-packages\fastapi\middleware\asyncexitstack.py", line 18, in __call__
    |     await self.app(scope, receive, send)
    |   File "C:\Users\Shaik.Jainmaih\AppData\Local\Programs\Python\Python313\Lib\site-packages\starlette\routing.py", line 716, in __call__
    |     await self.middleware_stack(scope, receive, send)
    |   File "C:\Users\Shaik.Jainmaih\AppData\Local\Programs\Python\Python313\Lib\site-packages\starlette\routing.py", line 736, in app
    |     await route.handle(scope, receive, send)
    |   File "C:\Users\Shaik.Jainmaih\AppData\Local\Programs\Python\Python313\Lib\site-packages\starlette\routing.py", line 290, in handle
    |     await self.app(scope, receive, send)
    |   File "C:\Users\Shaik.Jainmaih\AppData\Local\Programs\Python\Python313\Lib\site-packages\fastapi\routing.py", line 123, in app
    |     await wrap_app_handling_exceptions(app, request)(scope, receive, send)
    |   File "C:\Users\Shaik.Jainmaih\AppData\Local\Programs\Python\Python313\Lib\site-packages\starlette\_exception_handler.py", line 53, in wrapped_app
    |     raise exc
    |   File "C:\Users\Shaik.Jainmaih\AppData\Local\Programs\Python\Python313\Lib\site-packages\starlette\_exception_handler.py", line 42, in wrapped_app
    |     await app(scope, receive, sender)
    |   File "C:\Users\Shaik.Jainmaih\AppData\Local\Programs\Python\Python313\Lib\site-packages\fastapi\routing.py", line 109, in app
    |     response = await f(request)
    |                ^^^^^^^^^^^^^^^^
    |   File "C:\Users\Shaik.Jainmaih\AppData\Local\Programs\Python\Python313\Lib\site-packages\fastapi\routing.py", line 389, in app
    |     raw_response = await run_endpoint_function(
    |                    ^^^^^^^^^^^^^^^^^^^^^^^^^^^^
    |     ...<3 lines>...
    |     )
    |     ^
    |   File "C:\Users\Shaik.Jainmaih\AppData\Local\Programs\Python\Python313\Lib\site-packages\fastapi\routing.py", line 288, in run_endpoint_function
    |     return await dependant.call(**values)
    |            ^^^^^^^^^^^^^^^^^^^^^^^^^^^^^^
    |   File "C:\Users\Shaik.Jainmaih\Chat_v1_v2\sumit_chatbot_poc\backend\api\auth.py", line 38, in login
    |     cursor = conn.execute(
    |         "SELECT user_id, username, password_hash, role, is_active FROM users WHERE username = ?",
    |         (request.username,)
    |     )
    | sqlite3.OperationalError: no such table: users
    +------------------------------------

During handling of the above exception, another exception occurred:

Traceback (most recent call last):
  File "C:\Users\Shaik.Jainmaih\AppData\Local\Programs\Python\Python313\Lib\site-packages\starlette\middleware\errors.py", line 164, in __call__
    await self.app(scope, receive, _send)
  File "C:\Users\Shaik.Jainmaih\AppData\Local\Programs\Python\Python313\Lib\site-packages\starlette\middleware\cors.py", line 85, in __call__
    await self.app(scope, receive, send)
  File "C:\Users\Shaik.Jainmaih\AppData\Local\Programs\Python\Python313\Lib\site-packages\starlette\middleware\base.py", line 182, in __call__
    with recv_stream, send_stream, collapse_excgroups():
                                   ~~~~~~~~~~~~~~~~~~^^
  File "C:\Users\Shaik.Jainmaih\AppData\Local\Programs\Python\Python313\Lib\contextlib.py", line 162, in __exit__
    self.gen.throw(value)
    ~~~~~~~~~~~~~~^^^^^^^
  File "C:\Users\Shaik.Jainmaih\AppData\Local\Programs\Python\Python313\Lib\site-packages\starlette\_utils.py", line 85, in collapse_excgroups
    raise exc
  File "C:\Users\Shaik.Jainmaih\AppData\Local\Programs\Python\Python313\Lib\site-packages\starlette\middleware\base.py", line 184, in __call__
    response = await self.dispatch_func(request, call_next)
               ^^^^^^^^^^^^^^^^^^^^^^^^^^^^^^^^^^^^^^^^^^^^
  File "C:\Users\Shaik.Jainmaih\Chat_v1_v2\sumit_chatbot_poc\backend\main.py", line 100, in request_logging_middleware
    response = await call_next(request)
               ^^^^^^^^^^^^^^^^^^^^^^^^
  File "C:\Users\Shaik.Jainmaih\AppData\Local\Programs\Python\Python313\Lib\site-packages\starlette\middleware\base.py", line 159, in call_next
    raise app_exc
  File "C:\Users\Shaik.Jainmaih\AppData\Local\Programs\Python\Python313\Lib\site-packages\starlette\middleware\base.py", line 144, in coro
    await self.app(scope, receive_or_disconnect, send_no_error)
  File "C:\Users\Shaik.Jainmaih\AppData\Local\Programs\Python\Python313\Lib\site-packages\starlette\middleware\exceptions.py", line 63, in __call__
    await wrap_app_handling_exceptions(self.app, conn)(scope, receive, send)
  File "C:\Users\Shaik.Jainmaih\AppData\Local\Programs\Python\Python313\Lib\site-packages\starlette\_exception_handler.py", line 53, in wrapped_app
    raise exc
  File "C:\Users\Shaik.Jainmaih\AppData\Local\Programs\Python\Python313\Lib\site-packages\starlette\_exception_handler.py", line 42, in wrapped_app
    await app(scope, receive, sender)
  File "C:\Users\Shaik.Jainmaih\AppData\Local\Programs\Python\Python313\Lib\site-packages\fastapi\middleware\asyncexitstack.py", line 18, in __call__
    await self.app(scope, receive, send)
  File "C:\Users\Shaik.Jainmaih\AppData\Local\Programs\Python\Python313\Lib\site-packages\starlette\routing.py", line 716, in __call__
    await self.middleware_stack(scope, receive, send)
  File "C:\Users\Shaik.Jainmaih\AppData\Local\Programs\Python\Python313\Lib\site-packages\starlette\routing.py", line 736, in app
    await route.handle(scope, receive, send)
  File "C:\Users\Shaik.Jainmaih\AppData\Local\Programs\Python\Python313\Lib\site-packages\starlette\routing.py", line 290, in handle
    await self.app(scope, receive, send)
  File "C:\Users\Shaik.Jainmaih\AppData\Local\Programs\Python\Python313\Lib\site-packages\fastapi\routing.py", line 123, in app
    await wrap_app_handling_exceptions(app, request)(scope, receive, send)
  File "C:\Users\Shaik.Jainmaih\AppData\Local\Programs\Python\Python313\Lib\site-packages\starlette\_exception_handler.py", line 53, in wrapped_app
    raise exc
  File "C:\Users\Shaik.Jainmaih\AppData\Local\Programs\Python\Python313\Lib\site-packages\starlette\_exception_handler.py", line 42, in wrapped_app
    await app(scope, receive, sender)
  File "C:\Users\Shaik.Jainmaih\AppData\Local\Programs\Python\Python313\Lib\site-packages\fastapi\routing.py", line 109, in app
    response = await f(request)
               ^^^^^^^^^^^^^^^^
  File "C:\Users\Shaik.Jainmaih\AppData\Local\Programs\Python\Python313\Lib\site-packages\fastapi\routing.py", line 389, in app
    raw_response = await run_endpoint_function(
                   ^^^^^^^^^^^^^^^^^^^^^^^^^^^^
    ...<3 lines>...
    )
    ^
  File "C:\Users\Shaik.Jainmaih\AppData\Local\Programs\Python\Python313\Lib\site-packages\fastapi\routing.py", line 288, in run_endpoint_function
    return await dependant.call(**values)
           ^^^^^^^^^^^^^^^^^^^^^^^^^^^^^^
  File "C:\Users\Shaik.Jainmaih\Chat_v1_v2\sumit_chatbot_poc\backend\api\auth.py", line 38, in login
    cursor = conn.execute(
        "SELECT user_id, username, password_hash, role, is_active FROM users WHERE username = ?",
        (request.username,)
    )
sqlite3.OperationalError: no such table: users
